['clirInterface/retrieve_from_english.py', '../Data/ogrenci_sorulari.txt']
[1] 21 haziran türkiyede nerede belirgindir

June 21, where turkey is evident

[4579437] Spillover of the Syrian Civil War (Suriye İç Savaşı'nın yayılma)
[3714375] Türkiye'de Azınlıklar
[1886166] 2008 FIVB World Grand Prix (2008 FIVB Dünya Grand Prix)
---------
[2] 23 Eylül Ekinoksu neden 2 gün geç yaşanır ?

Equinox is why September 23 happened two days later?

[1555149] Gündüz
[2803464] Gregoryen takvimi
[7535] Daewoo Kalos
---------
[3] 45'Kuzey enlemi ve 10'Batı boylamı üzerindeki A noktasında yerel saat 12:00 iken 60 o Güney enlemi ve 10 o Batı boylamı üzerinde yer alan B noktası arasındaki yerel saat farkı nedir?

45'Kuzey latitude and longitude point on 10'Bat at 12:00 local time, while 60 o South latitude and 10 o What is the difference between local time located on West longitude point B?

[8570] Boylam
[700041] Longitude by chronometer (Kronometre ile Boylam)
[637596] Universal Transverse Mercator coordinate system (Evrensel Merkatörü koordinat sistemi)
---------
[4] 6 ay gece 6 ay gündüz dönemi hangi tarihle başlar?

6 months 6 months night and day period which begins in history?

[108029] Ardahan Üniversitesi
[100635] Yerli-Esperanto
[3532206] Infant sleep training (Bebek uyku eğitimi)
---------
[5] Acaba daglarin hepsi sonmus bir yanardag midir ?

I wonder if all of a dormant volcano mountain sturdy?

[366322] Lake Rotomahana (Göl Rotomahana)
[37028] Deliriyum
[221971] Teide (Teide)
---------
[6] Ağrı Dağı çevresinde yaşayanlar neden evlerini taş ve topraktan yapmaktadırlar?

Why do people living around Mount Ararat are stone and earth houses?

[411985] Western District (Victoria) (Batı Bölgesi (Victoria))
[1530143] Kutsal dağlar
[2355293] Ararat rebellion (Ağrı ayaklanmaları)
---------
[7] Ağrı Dağı çevresindeki insanlar neden genellikle hayvancılık yapıp küçük mezralarda yaşamaktadır?

Why people around Ararat usually live in small farming hamlets do?

[2403] Şehir
[1667399] Loko people (Loko insanlar)
[169868] Hamlet (place) (Hamlet (yer))
---------
[8] Ağrı Dağı çevresindeki yaşayanlar neden evlerini yamaçların güneye bakan yönünde yapmaktadırlar?

Ararat residents why they make towards the south-facing slopes around the house?

[252872] Ararat, Victoria (Ararat, Victoria)
[15056] Türkiye Türkiye Coğrafyası
[2355293] Ararat rebellion (Ağrı ayaklanmaları)
---------
[9] Ağrı dağlarının yüksekliği ne kadar dır?

How di height of Mount Ararat?

[143788] Ağrı Dağı
[913635] Cudi Dağı
[2355293] Ararat rebellion (Ağrı ayaklanmaları)
---------
[10] akarsular arazileri neden deniz seviyesine kadar asindirir?

to the land of rivers erodes cause sea levels?

[10430] Kuzey Denizi
[4561] Erozyon
[184024] St. Johns River (St. Johns River)
---------
[11] Akarsuların aşınma olayı nasıl gerçekleşir?

How is the attrition of rivers?

[3027536] Second-language attrition (İkinci dil yıpratma)
[868436] Nehir mühendisliği
[1644328] Attrition (erosion) (Aşınma (erozyon))
---------
[12] Akdeniz Bölgesi'ne kışın ne kadar kar yağar?

How much snow in the winter in the Mediterranean region?

[8654] Lübnan Coğrafyası
[155862] Akdeniz iklimi
[38201] Alplerin İklim
---------
[13] Akdeniz bölgesine yaz mevsiminde gittiğinizde ne gibi kıyafetler seçerdiniz?

What would you choose as you go in summer clothes to the Mediterranean region?

[267566] What Would You Do? (Ne Yapardın?)
[2276349] Ski rental problem (Kayak kiralama sorun)
[1814783] Luther Standing Bear (Luther Standing Bear)
---------
[14] Akdeniz bölgesinin en çok turist çeken şehri hangisidir?

The city attracts the most tourists in the Mediterranean region is which?

[960585] Çukurova
[311780] Alanya (Alanya)
[2258985] Peru Turizm
---------
[15] Akdeniz bölgesinin en nemli şehri neresidir?

Where is the most important city of the Mediterranean?

[20727] Selanik
[4124842] Cartagena, Spain (Cartagena, İspanya)
[1579615] Prehistoric Iberia (Prehistorik Iberia)
---------
[16] Akdenize kıyısı olup akdeniz iklimi görülmeyen ülkeler nelerdir ?

The Mediterranean coast Mediterranean climate what are deemed the country?

[627132] Akdeniz Havzası
[155862] Akdeniz iklimi
[3603678] Climate of Spain (İspanya İklim)
---------
[17] aktif volkanların en çok görüldüğü yer?

where most of the active volcanoes seen?

[105874] Ateş Halkası
[16278] Volkan
[145625] Kalkan volkan
---------
[18] Aktif yanardağlar nelerdir

What are the active volcanoes

[145625] Kalkan volkan
[16278] Volkan
[1347600] Endonezya volkanlar listesi
---------
[19] Alçak ve yüksek basınç neden Kuzey ve Güney Yarımküre de farklılık gösterir?

High and low pressure causes vary the Northern and Southern Hemisphere?

[278253] Westerlies
[7986] Jet stream (Jet rüzgârı)
[196092] Low-pressure area (Alçak basınç alanı)
---------
[20] Aşağıdaki göllerden hangisi alüviyal set gölüdür?

Which of the following is an alluvial lake lake set?

[1558035] Sasthamcotta Lake (Sasthamcotta Gölü)
[1875687] Wallowa Lake (Wallowa Lake)
[976957] Lake Débo (Göl Debo)
---------
[21] Aşağıdaki göllerden hangisi volkanik set gölü sınıflandırmasına girer?

Which enters the lake from the following classification of volcanic lake set?

[529971] Limnic eruption (Gölsel patlama)
[263522] Outburst sel
[1087137] Tsomoriri Wetland Conservation Reserve (Tsomoriri Sulak Conservation Reserve)
---------
[22] Atmosfer basıncı üzerinde sadece yerçekimi ve sıcaklığın etkisi düşünüldüğünde, Ekvator’dan kutuplara doğru basınç değişim grafiği Nasıl olur?

When the temperature of the effects of gravity and atmospheric pressure only considered correct pressure variations from the equator to the poles chart How?

[22215] Pendulum (Sarkaç)
[108538] Dünya'nın atmosferi
[108539] Atmosphere (Atmosfer)
---------
[23] Atmosfer sesi ve sıcaklığı iletir mi?

The message tone and temperature of the atmosphere?

[789167] Audichron (Audichron)
[1386] Attribution of recent climate change (Son iklim değişikliğinin Atıf)
[554772] Potential temperature (Potansiyel sıcaklık)
---------
[24] Atmosfer tabakalarından İyonosfer eğer daha ince veya olmasaydı Dünyada'ki iletişim nasıl etkilenirdi?

How was it affected communication Ionosphere that worldwide thin layer in the atmosphere or not?

[572476] Non-line-of-sight propagation (Sigara line-of-sight yayılımı)
[7290] Iyonosfer
[131810] Radio propagation (Radyo yayılımı)
---------
[25] Atmosferde bulunan gaz oranları %1 değiştiğinde Dünya'da ne gibi değişiklikler meydana gelir?

Gas ratio in the atmosphere changes, such as what happens in the world is changed 1%?

[86162] Otto cycle (Otto çevrimi)
[415] Adiabatic process (Adyabatik süreç)
[529166] Heat capacity ratio (Isı kapasitesi oranı)
---------
[26] Aurora ışıkları neden sadece kutuplarda oluşur?

Why it occurs only in polar aurora lights?

[25502] Aurora (Şafak)
[125968] TV and FM DX (TV ve FM DX)
[130166] Weather satellite (Hava uydu)
---------
[27] Basıncın her yerde farklı olmasının nedeni nedir?

What is the cause of the pressure everywhere to be different?

[8808] Kaldırma (kuvvet)
[2214624] Oil pump (internal combustion engine) (Yağ pompası (içten yanmalı motor))
[32470] Bernoulli's principle (Bernoulli ilkesi)
---------
[28] batolit ve silli açıklayınız

Explain batholith and ciliated

[1155381] Kaapvaal Craton (Kaapvaal Craton)
[143843] Anorthosite (Anortozit)
[4214627] Siletzia (Siletzia)
---------
[29] Birden fazla denize kıyısı olan il sayısı kaçtır?

How many more than the number of provinces bordering the sea?

[3714375] Türkiye'de Azınlıklar
[4082062] Supremacy 1914 (Supremacy 1914)
[493629] List of transcontinental countries (Kıtalararası ülkelerin listesi)
---------
[30] bolu nun kuzeyindeki şehir hangisidir?

What is plentiful in the northern part of the city?

[1088145] Alley Pond Park (Alley Pond Park)
[1792162] History of Spokane, Washington (Spokane, Washington Tarihi)
[80722] Spokane, Washington (Spokane, Washington)
---------
[31] Bozkır bitki örtüsü ülkemizde hangi bölgede görülür?

Steppe vegetation in our country is seen in which regions?

[4226001] Moğolistan Vahşi
[1643826] Wildlife of Djibouti (Cibuti Yaban Hayatı)
[4216467] Wildlife of Chechnya (Çeçenistan Yaban Hayatı)
---------
[32] CERN in kuruluş amacı nedir

What is the purpose of the CERN in enterprise

[438510] Scientific Linux (Bilimsel Linux)
[3139301] Katherine McAlpine (Katherine McAlpine)
[25394] Grid computing (Grid hesaplama)
---------
[33] Cografyanin tarih dersi açısından onemi nedir

What is my one to date in terms of the geography lesson

[695446] Caleb Gattegno (Caleb Gattegno)
[3152877] National Council for Geographic Education (Coğrafi Eğitim Ulusal Konseyi)
[2009250] My French Coach and My Spanish Coach (Benim Fransızca Koç ve My İspanyol Teknik Direktör)
---------
[34] Coğrafya , tarihimize öğrenmemizde ne konuda yardımcı olur ?

Geography, our history helps us learn what subject?

[3034024] Vieux Fort Comprehensive Secondary School (Vieux Fort Kapsamlı Ortaokulu)
[4074182] Meyyaram (Meyyaram)
[4677377] Education to Theatricality (Teatralliği Eğitime)
---------
[35] coğrafya dersine nasıl çalışılır ?

How studied geography lesson?

[956860] Charlotte Mason (Charlotte Mason)
[253347] The Law of Success (Başarı Hukuk)
[3152877] National Council for Geographic Education (Coğrafi Eğitim Ulusal Konseyi)
---------
[36] Coğrafya ismi nereden gelmiştir ?

Geography is the name come from?

[99517] Hemsedal (Hemsedal)
[164017] Place names in Ireland (İrlanda'da yer adları)
[2388208] Geography (Coğrafya)
---------
[37] coğrafyada olan doğal felaketler nelerin etkisi sonucu olur ve ne zaman ortaya çıkar?

natural disasters in the region, which is the result of the influence of what and when they arise?

[4463242] Sustainable Mekong Research Network (Sürdürülebilir Mekong Araştırma Ağı)
[1335224] Jawdat Said (Cevdet Said,)
[529825] Poverty in Africa (Afrika Yoksulluk)
---------
[38] coğrafyanin ilkeleri nelerdir

What are the principles of geography

[484627] Coğrafyanın Tarihçesi
[956860] Charlotte Mason (Charlotte Mason)
[787379] Geographica (Geographica)
---------
[39] Çanakkale Arkeoloji Müzesinde sergilenen kalıntılar genellikle hangi uygarlıklara aittir?

It remains on display in Canakkale Archaeological Museum, which is generally from civilization?

[2571149] Carthage National Museum (Carthage Ulusal Müzesi)
[3897650] Olmec colossal heads (Olmec devasa kafaları)
[323362] National Museum of Afghanistan (Afganistan Ulusal Müzesi)
---------
[40] Çanakkale Deniz Müzesinde neler sergilenir?

What is exhibited in Canakkale Naval Museum?

[358198] USS Blower (SS-325) (USS Blower (SS-325))
[514211] Çanakkale (Çanakkale)
[672745] HMS Manica (HMS Manica)
---------
[41] Çanakkale Saat Kulesi kim tarafından ve ne zaman yapılmıştır?

Canakkale Clock Tower is made by whom and when?

[1557327] Jubilee clock (Jubilee saat)
[2930389] Yavuz Mildon (Yavuz Mildon)
[1711842] Pennridge Airport (Pennridge Havaalanı)
---------
[42] Çernezyom topraklarının humus bakımından zengin olmasının nedeni nedir?

What is the reason that the Çernezyo humus rich soil?

[2718] Compost (Organik gübre)
[375427] Pedosphere (Pedosphere)
[3689225] Saint Rapheal Lake (Aziz Rapheal Gölü)
---------
[43] Çöküntü havzaları içinde oluşan büyük göller aşağıdaki bölgelerin hangisinde yaygın olarak görülür?

The Great Lakes basin are formed in depressions which are common in the following areas?

[2373511] Göl
[1257123] Geology of Minnesota (Minnesota Jeoloji)
[2280977] Northern Basin and Range ecoregion (Kuzey Basin ve Range Ekolojik Bölge)
---------
[44] Çöl alanlarının, 30° enlemlerinde ve karaların iç kesimlerinde görülmesinde rol oynayan temel etmen Nedir?

The desert area, what is seen in the main factors that play a role in the decisions of 30 ° latitude and the inland?

[101451] Namib Desert (Namib Çölü)
[2387553] Çöl
[3397133] Geography of Southern California (Güney Kaliforniya Coğrafyası)
---------
[45] Çöl Bitkileri nelerdir?

What are desert plants?

[2387553] Çöl
[34806] Arizona-Sonora Desert Museum (Arizona-Sonora Desert Museum)
[2387288] Succulent plant (Etli bitki)
---------
[46] Çöl ikliminin neden bitki örtüsü yoktur?

There is no reason vegetation desert climate?

[8375] Kalahari Desert (Kalahari Çölü)
[96021] Çöl iklimi
[3543150] Australian snake habitats (Avustralya yılan habitatları)
---------
[47] Çöller genellikle hangi hava hareketinin bulunduğu alanlarda oluşmaktadır?

Deserts, which usually occur in the area of ​​air movement?

[2387553] Çöl
[3649] Dune (Kumul)
[107090] Grassland (Otlak)
---------
[48] çöllerde bulunan kumları kazdığımızda en dibinden ne çıkar ?

What we dig out from the bottom of the sand found in the desert?

[132097] Sand cat (Kum kedisi)
[2723419] Felis margarita margarita (Felis margarita margarita)
[546479] Badain Jaran Desert (Badain Jaran Çöl)
---------
[49] Çöllerde fiziksel ayrışmanın fazla olmasının nedeni nedir

What is the reason that more than the physical separation in the desert

[741442] Image of God (Tanrı'nın görüntü)
[3557055] Three Upbuilding Discourses, 1844 (Üç Upbuilding Söylemler, 1844)
[4240714] Romantizm ve epistemoloji
---------
[50] Daglarin uzun olmasini hangi sartlar belirler

Mountains determine which conditions are to be extended

[3535034] Henry Mountains bison herd (Henry Dağları bizon sürüsü)
[1019619] Drill cuttings (Matkap kesimler)
[481433] Compulsory license (Zorunlu lisans)
---------
[51] deniz kiyisindaki cogu agac neden egiktir?

The cog in the seaside slope tree is why?

[2945766] List of Animal Mechanicals episodes (Hayvan Mechanicals bölüm listesi)
[4656437] Westerlund telescope (Westerlund teleskop)
[742384] Silvi (Silvi)
---------
[52] Denizden esen rüzgarın adı nedir bilgi veriniz

What is the name of the sea winds give information

[278230] Hakim rüzgarlar
[13063] Kızıl Deniz
[35189] Sécurité (Sécurité)
---------
[53] Denizlerde hangi doğal olaylar meydana gelir?

Natural events which occur in the sea?

[2875655] Acqua alta (Acqua alta)
[3544900] Coastal flood (Kıyı sel)
[1900237] Doğal tehlike
---------
[54] Depremin yıkıcı etkilerini belirleyen faktörler nelerdir?

What are the factors that determine the devastating effects of the earthquake?

[1714344] Heyelan nedenleri
[3821466] Emergency management in American universities (Amerikan üniversitelerinde Acil durum yönetimi)
[4092550] Robust parameter design (Sağlam parametre tasarımı)
---------
[55] Depremler nasıl oluşur?

How earthquakes occur?

[4783] Deprem
[118110] Intraplate earthquake (Intraplate deprem)
[1544502] 2001 El Salvador earthquakes (2001 El Salvador depremler)
---------
[56] depremleri radyo dalgalari vasitasiyla onceden sadece kucuk depremler olarak yapabilirmiyiz

Can we earthquakes radio waves only by means of small earthquakes from previous

[3515045] Deprem kaza tahmini
[4783] Deprem
[3188694] Shear wave splitting (Kayma dalga bölme)
---------
[57] Dicle Nehri'nin başlangıç noktası hangi şehirdedir ?

The starting point of the Tigris River on which the city?

[2884802] Battle of Es Sinn (Es Sinn Savaşı)
[15584] Tigris (Dicle nehri)
[2101474] Battle of Opis (Opis Savaşı)
---------
[58] Dicle Nehri'nin başlangıç ve bitiş noktaları nelerdir?

What are the start and end points of the Tigris River?

[902286] Battle of Dujaila (Dujaila Savaşı)
[925812] Apamea (Babylonia) (Apamea (Babylonia))
[2911204] Battle of Sheikh Sa'ad (Şeyh Sa'ada Savaşı)
---------
[59] dogu anadolu bölgesindeki volkan ne zaman faaliyete geçecek?

When the volcano in eastern Anatolia will become operational?

[11231] Obsidian (Obsidian)
[910431] Nemrut (volcano) (Nemrut (Volkan))
[530139] Anti-Taurus Mountains (Anti-Toros Dağları)
---------
[60] doğal sistemleri aciklayiniz

Please explain natural systems

[677061] Mr. B Natural (Sayın B Doğal)
[559407] Systems philosophy (Sistem felsefesi)
[3042470] Human ethology (İnsan etoloji)
---------
[61] Doğu Anadolu Bolgesinde yaşayabilen canlı türlerinden örnekler verir misiniz ?

The species that can live in the Eastern Anatolia Region Could you give examples?

[3361498] Munzur Valley National Park (Munzur Vadisi Milli Parkı)
[821578] Türk dans
[107262] Ubykh language (Ubıhça)
---------
[62] Doğu Anadolu Bölgesi dağlık bir bölge bu dağlıkları ekonomik yönden en avantajlı şekilde nasıl kullanabiliriz?

A mountainous region in Eastern Anatolia Region mountainous How can we use this in the most economically advantageous way?

[1379082] Akdeniz Bölgesi
[462552] Pontic Greeks (Pontus Yunanlılar)
[15056] Türkiye Türkiye Coğrafyası
---------
[63] Doğu Anadolu Bölgesi ndeki en bilindik ovalar nerelerdir?

Most known in the Eastern Anatolia Region are plains where?

[15056] Türkiye Türkiye Coğrafyası
[141] Anadolu
[1379082] Akdeniz Bölgesi
---------
[64] Doğu Anadolu Bölgesi ndeki toplam göl sayısı nedir?

What is the total number of lakes in the Eastern Anatolia Region?

[1379071] Doğu Anadolu Bölgesi
[562664] Southeastern Anatolia Project (Güneydoğu Anadolu Projesi)
[605989] Armenian Highlands (Ermeni Highlands)
---------
[65] doğu anadolu bölgesi neden diğer bölgelere göre rakımı yüksek ve dağlık bir bölgedir ?

The eastern region of Anatolia because of the altitude is high and mountainous region compared to other regions?

[15056] Türkiye Türkiye Coğrafyası
[1379071] Doğu Anadolu Bölgesi
[15017] Geography of Thailand (Tayland Coğrafyası)
---------
[66] Doğu Anadolu Bölgesi'nde doğan nehirler hangileridir ?

Rivers which are born in Eastern Anatolia?

[15056] Türkiye Türkiye Coğrafyası
[1379082] Akdeniz Bölgesi
[38828] Kurdistan (Kürdistan)
---------
[67] doğu Anadolu bölgesinde en sıcak ve en soğuk ikliminin yaşandığı iller nelerdir?

What are the provinces of eastern Anatolia regions experiencing the hottest and coldest climates?

[545013] Hindistan İklim bölgeleri
[280027] Hindistan İklim
[2967282] Sezon
---------
[68] Doğu Anadolu Bölgesi'nde eski uygarlıklar hangi bölgelerde kurulmuşlardır ?

Ancient civilizations were established in Eastern Anatolia in what area?

[260939] Cradle of civilization (Medeniyet beşiği)
[3828173] Prehistory of Anatolia (Anadolu Prehistorya)
[3296367] History of Turkey (Türkiye Tarihi)
---------
[69] doğu anadolu bölgesinde geçim neyden sağlanır?

Ney is supplied from living in the eastern region of Anatolia?

[7965] Rumi (Rumi)
[379185] Bozlak (Bozlak)
[95460] Music of Turkey (Türk Müziği)
---------
[70] Doğu Anadolu Bölgesi'nde görülen iklim tipi hangisidir?

Which type of climate is seen in Eastern Anatolia?

[248042] Samsun (Samsun)
[141] Anadolu
[27628] Steppe (Bozkır)
---------
[71] doğu anadolu bölgesinde görülen iklim tipi nedir?

What is climate type seen in the eastern region of Anatolia?

[1379071] Doğu Anadolu Bölgesi
[141] Anadolu
[27628] Steppe (Bozkır)
---------
[72] Doğu anadolu bölgesinde görülen iklim türü

Common type of climate in the East

[2463019] Nemli subtropikal iklim
[381083] Nemli karasal iklim
[3500214] Uttar Pradesh İklim
---------
[73] Doğu Anadolu bölgesinde hangi tür iklim görülür ?

What type of climate in eastern Anatolia?

[141] Anadolu
[27628] Steppe (Bozkır)
[1379071] Doğu Anadolu Bölgesi
---------
[74] Doğu Anadolu Bölgesi'nde iklimin insanların üzerindeki etkisi nedir ?

What is the impact on people's climate in Eastern Anatolia?

[141] Anadolu
[1620335] Türkiye
[1379071] Doğu Anadolu Bölgesi
---------
[75] doğu anadolu bölgesinde kaç tane baraj bulunur ve sayılarının bu kadar fazla olmasının nedeni nedir?

Why has few dams in eastern Anatolia and the number of not so much?

[2944073] Türkiye'de barajların listesi
[562664] Southeastern Anatolia Project (Güneydoğu Anadolu Projesi)
[887151] Menemen
---------
[76] Doğu Anadolu Bölgesinde kaç tane göl vardır?

There are few lakes in the Eastern Anatolia Region?

[1379082] Akdeniz Bölgesi
[1379071] Doğu Anadolu Bölgesi
[302911] Erzurum İli
---------
[77] Doğu Anadolu Bölgesi'nde karın yerde kalma süresinin Ege Bölgesi'nden daha uzun olması iki merkezin hangi bakımdan farklı olmasının sebebidir?

The longer residence time in the belly of the Aegean region in Eastern Anatolia is the reason for the difference from the two centers which care?

[2944073] Türkiye'de barajların listesi
[821578] Türk dans
[1379082] Akdeniz Bölgesi
---------
[78] Doğu Anadolu Bölgesinde yerleşimin en az olduğu bölge neresidir?

The settlement is at least of the Eastern Anatolia Region is where?

[887151] Menemen
[141] Anadolu
[590030] Hisarlık
---------
[79] Doğu Anadolu bölgesindeki akarsu ve göller hangileridir?

Rivers and lakes in Eastern Anatolia are available?

[1379082] Akdeniz Bölgesi
[1379057] Karadeniz Bölgesi
[38828] Kurdistan (Kürdistan)
---------
[80] doğu anadolu bölgesindeki insanların yaşam kültürleri nasıldır?

The living culture of the people in eastern Anatolia is how?

[3714375] Türkiye'de Azınlıklar
[4540147] Indo-European migrations (Hint-Avrupa göçler)
[347624] Maykop culture (Maykop kültürü)
---------
[81] Doğu Anadolu Bölgesi'nin beşeri özellikleri nelerdir?

What are the demographic characteristics of the Eastern Anatolia Region?

[192647] Neolithic Europe (Neolitik Avrupa)
[1620335] Türkiye
[476056] Osmanlı Ermeni nüfusunun
---------
[82] Doğu Anadolu Bölgesinin bitki örtüsü nedir?

What is the vegetation of the Eastern Anatolia Region?

[15056] Türkiye Türkiye Coğrafyası
[627132] Akdeniz Havzası
[27628] Steppe (Bozkır)
---------
[83] Doğu Anadolu Bölgesi'nin bitki örtüsü nedir?

What is the vegetation of the Eastern Anatolia Region?

[15056] Türkiye Türkiye Coğrafyası
[627132] Akdeniz Havzası
[27628] Steppe (Bozkır)
---------
[84] Doğu Anadolu Bölgesinin bitki türü nedir ?

What is the plant species of the Eastern Anatolia Region?

[141] Anadolu
[627132] Akdeniz Havzası
[3361498] Munzur Valley National Park (Munzur Vadisi Milli Parkı)
---------
[85] Doğu Anadolu Bölgesi'nin en aktif volkanik dağı hangisidir ?

The most active volcanic mountains of Eastern Anatolia Which?

[15056] Türkiye Türkiye Coğrafyası
[105874] Ateş Halkası
[1624423] Türkiye Jeoloji
---------
[86] Doğu Anadolu Bölgesi'nin en büyük gölü neresidir?

Where is the largest lake in the Eastern Anatolia Region?

[15056] Türkiye Türkiye Coğrafyası
[605989] Armenian Highlands (Ermeni Highlands)
[910431] Nemrut (volcano) (Nemrut (Volkan))
---------
[87] Doğu Anadolu Bölgesi'nin iklim şartları nasıldır?

How is the climate of the Eastern Anatolia Region?

[15056] Türkiye Türkiye Coğrafyası
[141] Anadolu
[1379071] Doğu Anadolu Bölgesi
---------
[88] doğu Anadolu bölgesinin koordinatları nelerdir?

What are the coordinates of eastern Anatolia?

[15056] Türkiye Türkiye Coğrafyası
[141] Anadolu
[821578] Türk dans
---------
[89] Doğu Anadolu bölgesinin nüfusu kaçtır?

The population of Eastern Anatolia is it?

[141] Anadolu
[1379071] Doğu Anadolu Bölgesi
[4171936] Caucasus Greeks (Kafkasya Yunanlılar)
---------
[90] Doğu Anadolu Bölgesi'nin Türkiye üzerindeki önemi nedir ?

What is the importance of the Eastern Anatolia Region of Turkey?

[1620335] Türkiye
[205918] Turkish War of Independence (Türk Kurtuluş Savaşı)
[141] Anadolu
---------
[91] Doğu Anadolu Bölgesinin yıllık yağış ve sıcaklık grafikleri araştırılması .

Investigation of annual precipitation and temperature patterns of the Eastern Anatolia Region.

[2646] Geography of Colombia (Kolombiya Coğrafyası)
[9293] Akdeniz
[3041312] Dünya yağış klimatoloji
---------
[92] doğu Anadolu bölgesinin yüzey ölçümü nedir?

What is the surface measure of the eastern region of Anatolia?

[821578] Türk dans
[15056] Türkiye Türkiye Coğrafyası
[141] Anadolu
---------
[93] doğu anadolu neden bu kadar soğuk bir bölge?

Eastern Anatolia region Why is it so cold?

[1379071] Doğu Anadolu Bölgesi
[1379082] Akdeniz Bölgesi
[141] Anadolu
---------
[94] Doğu anadoluda görülen bitki türü

Plant species seen in Eastern Anatolia

[3031962] Akyatan Lagünü
[3906624] Rheum ribes (Işgın)
[2391269] Mammals of the Indiana Dunes (Indiana Dunes Memeliler)
---------
[95] doğu anadoluda onceden yaşamış olan uygarlıklar

eastern civilizations who lived in Anatolia from previous

[3828173] Prehistory of Anatolia (Anadolu Prehistorya)
[147594] Sea Peoples (Deniz Halklar)
[23257] Türk halkları
---------
[96] Doğu anadoluda vokanik dağlar bulunur mu, nelerdir?

Vokanik been located in the mountains of eastern Anatolia, what?

[15056] Türkiye Türkiye Coğrafyası
[3828173] Prehistory of Anatolia (Anadolu Prehistorya)
[141] Anadolu
---------
[97] doğu anadoludaki platolar nelerdir

What are the eastern plateau of Anatolia

[141] Anadolu
[15056] Türkiye Türkiye Coğrafyası
[605989] Armenian Highlands (Ermeni Highlands)
---------
[98] doğu anadoludaki volkanik dağlar nelerdir

What are the volcanic mountains in eastern Anatolia

[15056] Türkiye Türkiye Coğrafyası
[655026] Niğde Province (Niğde İli)
[2947109] Flora ve Türkiye bitki örtüsü
---------
[99] Doğu Anadolu'nun platoları nasıl oluşmuştur ?

How did the East Anatolian plateau?

[15056] Türkiye Türkiye Coğrafyası
[3322736] Aintab plateau (Antep yayla)
[153432] İran Yaylası
---------
[100] Dunyamizin Big Bang patlamasindan sonra meydana geldigini biliyoruz. Bunu Fridmann tarafinda ortaya atildigini da biliyoruz fakat Friedmann bu souclara nasil ulasti , izledigi yollar nelerdi ?

We know that our Earth explode after the Big Bang occurred came. We also know that by this Fridmann gotten rid out of reach but how these souci Friedmann, People have watched what were the roads?

[914283] Big Bang (book) (Big Bang (kitap))
[4574424] Coherence (film) (Tutarlılık (film))
[3479196] The Cure (Fringe) (Cure (Fringe))
---------
[101] Dünya da şimdiki zamandan ne kadar zaman önce insanlar yaşamıştır ?

The world is how people lived before the present time?

[616333] Raven Tales (Raven Masalları)
[4152103] Abdizhamil Karimuly Nurpeisov (Abdizhamil Karimuly Nurpeisov)
[845208] Characters of Chrono Cross (Chrono Cross Karakterler)
---------
[102] Dünya elips şeklinde olmasaydı ne olurdu ?

What would not elliptical Earth?

[130258] İki Baş Dünya Sistemleri Hakkında Diyalog
[26823] Counter-Earth (Counter-Dünya)
[3754561] Iklim üzerindeki Güneş ve gök etkileri
---------
[103] dünya ilk oluştugunda niye adalar bir bütündü

why the islands were first generated in the world as a whole

[2503689] Langa Langa Lagoon (Langa Langa Lagoon)
[2503669] Laulasi Island (Laulasi Adası)
[3617553] The Slave Route Project (Slave Rota Projesi)
---------
[104] dünya nasıl oluşmuştur

How did the world

[94604] World Chess Championship (Dünya Satranç Şampiyonası)
[290095] Just-world hypothesis (Sadece dünya hipotezi)
[673946] Corrupted Blood incident (Bozuk Kan olay)
---------
[105] Dünya nasıl oluşmuştur ?

How did the world?

[94604] World Chess Championship (Dünya Satranç Şampiyonası)
[290095] Just-world hypothesis (Sadece dünya hipotezi)
[673946] Corrupted Blood incident (Bozuk Kan olay)
---------
[106] Dünya nasıl oluşmuştur?

How did the world?

[94604] World Chess Championship (Dünya Satranç Şampiyonası)
[290095] Just-world hypothesis (Sadece dünya hipotezi)
[673946] Corrupted Blood incident (Bozuk Kan olay)
---------
[107] Dünya nasıl oluştu ?

How did the world?

[94604] World Chess Championship (Dünya Satranç Şampiyonası)
[290095] Just-world hypothesis (Sadece dünya hipotezi)
[673946] Corrupted Blood incident (Bozuk Kan olay)
---------
[108] dünya nın katmanları nasıl oluşmuştur?

How did the world of the layers?

[963868] Shearing layers (Kesme katmanları)
[2236705] Semantic Web Stack (Semantik Web Stack)
[1892119] Double layer (plasma) (Çift kat (plazma))
---------
[109] dünya nın şekli hangi aşamalardan geçerek bugün ki şeklini almıştır

The shape of the world has taken shape through the stages today

[1123899] Shape grammar (Şekil dilbilgisi)
[1257873] Field hockey stick (Saha hokey sopası)
[491206] F-Shape barrier (F-Şekil bariyer)
---------
[110] Dünya oluşurken yer şekillerinin oluşumunda en önemli faktör nedir?

What is the most important factor in the formation of the Earth landforms formed?

[4301] Dünya
[1777455] Geology of solar terrestrial planets (Güneş karasal gezegenlerin jeolojisi)
[37924] Geomorphology (Jeomorfoloji)
---------
[111] Dünya üzerinde eski oluşumlu arazilerde deprem görülme riski neden azdır?

The risk of earthquakes cause less land in the former occurring in the world?

[4783] Deprem
[3876603] Environmental impact of hydraulic fracturing (Hidrolik çatlatma Çevresel Etki)
[15534] Tsunami
---------
[112] Dünya üzerinde kaç kıta vardır ?

There are several continents in the world?

[2451020] Kıta
[1434381] Shadow World (Gölge Dünya)
[2865883] Draft Universe (Taslak Evren)
---------
[113] Dünya üzerindeki denizler nasıl oluştu ?

How did the seas around the world?

[1736130] Whicker's World (Whicker Dünya)
[3345067] Okyanusların Sınırı
[3873552] Electa Johnson (Electa Johnson)
---------
[114] dünya yörüngesinden 1-2cm kaysaydı ne olurdu

What would happen if the Earth's orbit 1-2cm apricots

[232709] 2002 AA29 (2002 AA29)
[1086437] Orbit of the Moon (Ay'ın Yörünge)
[541486] Space elevators (Uzay asansörler)
---------
[115] Dünya yörüngesinin elips olmasının sebebi nedir?

What is the reason for the elliptical orbit of the Earth?

[1086437] Orbit of the Moon (Ay'ın Yörünge)
[541486] Space elevators (Uzay asansörler)
[11116] Orbit (Yörünge)
---------
[116] dünyada en çok yanardağın bulunduğu bölge neresidir?

Where is the region where the most volcanoes in the world?

[2646] Geography of Colombia (Kolombiya Coğrafyası)
[1541746] Kuzeybatı Pasifik Jeolojisi
[744031] Los Ríos Region (Los Ríos Bölge)
---------
[117] Dünyada hangi kıtada çöl bulunmaz?

What does the desert continent in the world?

[1118707] Dragon Prince and Dragon Star trilogies (Ejderha Prens ve Dragon Star üçlemeleri)
[628538] Drakan (Drakan)
[686] Afrika Coğrafyası
---------
[118] Dünya'da her an patlayabilecek volkanlar var mıdır ? Nelerdir?

Is there a volcano that could explode at any time in the world? What?

[3435226] Kryptonite (story arc) (Kryptonite (hikaye ark))
[168301] Impact winter (Darbe kış)
[3175717] Asphalt volcano (Asfalt yanardağ)
---------
[119] dünyada nüfusun en çok ve en az olduğu ülkeler hangileridir?

In a world where most of the population and the countries which are the least?

[2849867] Kuzey ülkeleri
[1812312] Demographics of the Arab League (Arap Birliği Demografi)
[955949] İnsan aşırı nüfus
---------
[120] Dünyada volkanik patlamalar sonucunda oluşan adalar hangileridir?

Islands as a result of volcanic eruptions in the world are available?

[1437256] Types of volcanic eruptions (Volkanik patlamalar Türleri)
[105874] Ateş Halkası
[1347600] Endonezya volkanlar listesi
---------
[121] Dünya'daki başlıca faal deprem alanlarını yazınız.

Enter main active seismic areas in the world.

[2199822] Vibration control (Titreşim kontrolü)
[2381261] Wells Gray-Clearwater volkanik alan
[2578896] Seismotectonics (Sismotektoniği)
---------
[122] Dünyadaki en kurak yer

The driest place on earth

[3486526] Climate of Africa (Afrika'nın İklim)
[2387323] Atacama Desert (Atacama Çölü)
[369640] Dome A (Dome A)
---------
[123] dünyamız bir ateş topunun soğumasıyla oluşmuştur.peki bu ateş topunu soğutan şey nedir? eğer böyle bir şey var ise o ateş topu ilk başta nasıl soğumadan kalmıştır?

What is it that our world is cooled by the cooling of the fire ball that oluşmuştur.pe a fireball? if there is such a thing that has remained how to cool fire ball first place?

[395371] Rate of fire (Yangın Oranı)
[97065] Laser cooling (Lazer soğutma)
[9687] Machine gun (Makineli tüfek)
---------
[124] Dünyamız'da atmosfer olmasaydı ne olurdu ?

What would be without atmosphere in our world?

[1748794] Bizsiz Dünya
[3152525] Aftermath (TV series) (İzlenimler (TV dizisi))
[3000416] Mars Stay
---------
[125] dünyanın çekirdeğinin neden çok sıcak olduğu söylenmektedir?

Why it is said to be very hot in the world's core?

[885810] An Inconvenient Truth (Uygunsuz Gerçek)
[415665] Aesthetic Realism (Estetik Gerçekçilik)
[2981386] One Life Stand (One Life Standı)
---------
[126] Dünyanın dönüşü rüzgarın yönünü neden etkiler?

It affects the Earth's rotation causes the direction of the wind?

[3604] Coriolis effect (Coriolis etkisi)
[2056707] Rüzgar
[14267] Solar wind (Güneş rüzgar)
---------
[127] Dünya'nın en büyük gölü hangi göldür?Nerededir?

The world's largest lake is the lake which? Is Where?

[4487866] Siskiwit Lake (Isle Royale) (Siskiwit Gölü (Isle Royale))
[3199884] Lakes of Rotorua (Rotorua Göller)
[976957] Lake Débo (Göl Debo)
---------
[128] Dünya'nın en büyük krateri nerededir?

Where is the world's largest crater?

[277275] Vredefort crater (Vredefort krater)
[2281102] The Living Edens (Yaşam Edens)
[316806] Clavius (crater) (Clavius ​​(krater))
---------
[129] Dünyanın en fazla yağış alan merkezi neresidir ve burası hangi iklimdir?

Where is the center of the world's most rainfall areas and this is what climate?

[2463019] Nemli subtropikal iklim
[1501472] Avustralya İklim
[171788] Astropika
---------
[130] Dünya'nın en hareketli levhası hangi bölgededir?

World's most moving plate is what area?

[4657525] Lwandle Plate (Lwandle Plakası)
[2851136] Halmahera Plate (Halmahera Plakası)
[1493146] Explorer Ridge (Explorer Ridge)
---------
[131] Dünyanın en yaşlı kayacı nedir ve nerededir ?

What is the world's oldest rocks and where?

[277275] Vredefort crater (Vredefort krater)
[138775] Witwatersrand (Witwatersrand)
[884571] Oldest dated rocks (En eski tarihli kayalar)
---------
[132] Dünya'nın en yüksek dağı hangi dağdır?Nerededir?

The world's highest mountain is what mountain? Where is?

[538021] Mountain warfare (Dağ savaş)
[441589] Highest unclimbed mountain (En yüksek tırmanılmamış dağ)
[2774324] Šator (Sator)
---------
[133] Dünyanın ilk oluşumu sırasında okyanuslar yoktu.Sonra yağmurlarla okyanuslar oluştu ama okyanusları oluşturacak kadar yağmur nasıl oluştu? O kadar su buharı nereden geldi?

The world's oceans and ocean with yoktu.sonr rain occurred during the initial formation but there was enough rain to create how the oceans? So much water vapor come from?

[2290237] Global Energy and Water Cycle Experiment (Küresel Enerji ve Su Döngüsü Deney)
[4101691] Climate across Cretaceous-Paleogene boundary (Kretase-Paleojen sınırından İklim)
[85355] Hidrosfer
---------
[134] Dünyanın ilk zamanlarında yeryüzünde oksijen var mıdır ?

Is there oxygen on earth the first time in the world?

[551996] Dünya'nın Tarihi
[766261] Great Oxygenation Event (Büyük Oksijenlenme Olay)
[629024] Sulfur cycle (Kükürt döngüsü)
---------
[135] dünyanın kaç yıllık mazisinin olduğunu meteorlardan nasıl anlıyoruz ?

how we understand the world from a meteor that the past few years?

[91022] Meteor shower (Meteor yağmuru)
[3804982] Nostalgia for the Light (Işık Nostalgia)
[3324112] Asura's Wrath (Asura Wrath)
---------
[136] dünyanın kendisinden oluşan basıncı var mı?

Is there pressure from the world itself?

[8808] Kaldırma (kuvvet)
[2615404] Autoclave (industrial) (Otoklav (endüstriyel))
[32470] Bernoulli's principle (Bernoulli ilkesi)
---------
[137] Dünya'nın oluşumu nereden bilinmektedir?

The world's formation is known from?

[689227] Saurolophus (Saurolophus)
[3698956] Scalenodon (Scalenodon)
[3804359] Sherwood Sandstone Group (Sherwood Kumtaşı Grubu)
---------
[138] Dünyanın oluşumunda oluşan ilk kıtalar nelerdir ?

What are the first continent formed in the formation of the world?

[4214627] Siletzia (Siletzia)
[2451020] Kıta
[10410] Kuzey Amerika
---------
[139] Dünyanın oluşumunun kaç milyar yılda olduğunu hesaplamak için kullanılan yöntemler ve araştırmalar nelerdir ?

What are the methods used to calculate and research how many billion years of the formation of the world?

[1899636] Helmholtz Centre for Environmental Research (Çevre Araştırma Merkezi Helmholtz)
[908499] Isua Greenstone Belt (Isua Greenstone Kemer)
[1086151] Field research (Alan araştırması)
---------
[140] Dünyanın sıcaklığının 5 derece artması ve ya azalmasıyla olabilecek olayları yazınız ?

5 degree increase in the world's temperature and the decrease or events that could enter?

[31468] Climate change and agriculture (İklim değişikliği ve tarım)
[4035671] Effects of global warming on human health (Insan sağlığı üzerindeki küresel ısınmanın etkileri)
[2905154] Future of the Earth (Dünya'nın Geleceği)
---------
[141] Dünya'nın şekli geoid yerine küre olsaydı neler yaşanırdı?

If the shape of the Earth geoid globe instead of what would have happened?

[26477] Map projection (Harita projeksiyonu)
[119200] Spherical Earth (Küresel Dünya)
[98650] Geoid (Jeoid)
---------
[142] Düzce'nin komşuları nerelerdir?

Düzce Where are the neighbors?

[729305] Düzce
[228994] Düzce İl
[3974286] Beyköy, Düzce
---------
[143] Ege bölgesi nin coğrafi koşulları nın o bölgedeki insanlara etkisi nelerdir?

N If the geographical conditions of the people in that region What are the effects?

[444793] Geographical indication (Coğrafi işaret)
[1084860] Environmental issues in the Niger Delta (Nijer Deltası'ndaki Çevre sorunları)
[3491149] Peel Watershed (Peel Havza)
---------
[144] Ege Bölgesi'nde kaç tane dağ vardır ?

There are few mountains in the Aegean region?

[15056] Türkiye Türkiye Coğrafyası
[141504] Rhodope Mountains (Rodop Dağları)
[9343] Geography of the Republic of Macedonia (Makedonya Cumhuriyeti Coğrafyası)
---------
[145] Ege bölgesinin en fazla yükseltiye sahip şehri hangisidir?

The city has the highest elevation of Aegean Which?

[15056] Türkiye Türkiye Coğrafyası
[1551] Bulgaristan Coğrafyası
[2752500] Yunanistan Coğrafyası
---------
[146] Ege yöresinin coğrafi koşulları nın tarımsal faaliyetlere etkisi nelerdir?

What are the effects on agricultural activities in the geographical conditions of the Aegean region?

[4489805] Geography of Prizren (Prizren Coğrafyası)
[4496003] Ferizovik Ekonomisi
[476885] Prehistoric Europe (Prehistorik Avrupa)
---------
[147] Eger dunyanin uzerindeki karalar denizlere gore daha fazla yer kaplasaydi ne olurdu?

What would happen if the land to the sea in the world, according to more places over kaplas it?

[955949] İnsan aşırı nüfus
[3152525] Aftermath (TV series) (İzlenimler (TV dizisi))
[187968] Sea breeze (Deniz meltemi)
---------
[148] eğim nasıl hesaplanır?

How to calculate the slope?

[326430] Handicap (golf) (Handikap (golf))
[4211794] Lake Discharge Problem (Göl Deşarj Sorunu)
[1961246] Influence line (Etki hattı)
---------
[149] ekinoks nedir ve ne zaman yaşanır?

What happened equinox and when?

[3476068] Antonina (wife of Belisarius) (Antonina (Belisarius'a eşi))
[4778] Equinox (Ekinoks)
[1042794] Island of Death (Ölüm Adası)
---------
[150] Eksen eğikliği daha az olsaydı ne olurdu ?

What would happen if less axial tilt?

[495374] Astronomy on Mars (Mars'ta Astronomi)
[3881832] Position of the Sun (Güneş Pozisyonu)
[3754561] Iklim üzerindeki Güneş ve gök etkileri
---------
[151] eksen eğikliği olmasaydı neler yaşanırdı?

What would have happened had not axial tilt?

[284034] Rare Earth hypothesis (Nadir Toprak hipotezi)
[84123] Circle of latitude (Enlem Çember)
[1909275] Greenhouse and icehouse Earth (Sera ve icehouse Dünya)
---------
[152] Eksen eğikliğinin değişmesi sonucu oluşacak olaylar nelerdir?

Axis What are the events that will occur as a result of changes in the inclination?

[12330] Precession (Devinim)
[162622] Milankovitch cycles (Milankovitch döngüleri)
[14239] Solstice (Gündönümü)
---------
[153] Ekvator ve çevresi hangi projeksiyon yöntemi ile çizilirse yer şekilleri daha az hata ile düzleme aktarılır?

If drawn with Ecuador and the surrounding area which is transferred to the plane of projection method landforms with less error?

[2509678] Multiview orthographic projection (Multiview izdüşümleri)
[202800] Oblique projection (Eğik izdüşüm)
[1314004] State Plane Coordinate System (Devlet Düzlem Koordinat Sistemi)
---------
[154] Ekvatordan kutuplara gidildikçe neden yerçekimi artar ?

Gravity increases from the equator to the poles, till Why?

[926572] Gravity of Earth (Dünya'nın yerçekimi)
[84134] Equatorial bulge (Ekvator çıkıntı)
[824559] Foucault pendulum vector diagrams (Foucault sarkacı vektör diyagramları)
---------
[155] En çok petrol bulunduran Afrika ülkesi hangisidir?

It is the most oil containing Which African countries?

[29143] Palm oil (Hurma yağı)
[522387] Okra (Bamya)
[10564] Nigeria (Nijerya)
---------
[156] En doğudaki ilimiz hangisidir ?

What is the easternmost province?

[1502536] Spanish missions in Florida (Florida İspanyol misyonları)
[642294] Khánh Hòa Province (Khánh Hòa İl)
[2108660] Geography of Jämtland (Jämtland Coğrafyası)
---------
[157] En fazla yağış getiren bulutun adı nedir

What is the name of the cloud that maximum precipitation

[24545] Bulut
[24555] Kümülüs bulutu
[186186] Microburst (Microburst)
---------
[158] en yüksek yanardağ nerededir ?

Where is the highest volcano?

[1512724] Volcanic Seven Summits (Volkanik Yedi Zirveler)
[222178] Pico de Orizaba (Pico de Orizaba)
[159629] Chimborazo
---------
[159] erciğes dağı hangi il sınırları içersindedir ?

erciğes mountain which is within provincial boundaries?

[4525367] Mount Seymour Provincial Park (Mount Seymour Provincial Park)
[910631] Hamber Provincial Park (Hamber İl Park)
[944717] Strathcona Provincial Park (Strathcona Provincial Park)
---------
[160] Everest dağı'nın en yüksek noktası nerededir?

Where is the highest point of Mount Everest?

[270182] Topographic prominence (Topografik önem)
[21914] Mount Everest (Everest Dağı)
[19254] Mountain (Dağ)
---------
[161] Evren gerçekten de sonsuz mu ?

Indeed, the universe infinite?

[2537009] Brahman (Brahma rahibi)
[1131577] Metric expansion of space (Alanı Metrik genişletme)
[2495768] Infinity (Sonsuzluk)
---------
[162] evrensel dil hangisidir

What is the universal language

[20643] Universal grammar (Evrensel dilbilgisi)
[378121] Universal language (Evrensel dil)
[374666] Second-language acquisition (İkinci dil edinimi)
---------
[163] Farklı ülkelerde saat farklılıklarının olmasının nedeni nedir ?

What is the reason for the differences in different countries hour?

[390177] Programme for International Student Assessment (Uluslararası Öğrenci Değerlendirme Programı)
[90363] Price discrimination (Fiyat farklılaştırması)
[577509] Law of value (Değer yasası)
---------
[164] fay hatlarının deprem oluşumundaki rolü nedir?

What is the role in the formation of earthquake fault lines?

[3219536] Puget Sound faults (Puget Sound hataları)
[3601602] Diablo Canyon earthquake vulnerability (Diablo Canyon deprem güvenlik açığı)
[32542] San Andreas Fault (San Andreas Fault)
---------
[165] Fırat Nehri ve çevresi tarım alanı eğer Fırat Nehri olmasaydı o bölgeye tarım alanı yapmak için nasıl bir alternatif üretirdiniz ?

Euphrates River and the surrounding agricultural areas How would you produce an alternative to the agricultural areas of the region were not Euphrates?

[2735854] Suriye Tarım
[113994] Breadbasket
[3705967] Ancient Egyptian agriculture (Eski Mısır tarım)
---------
[166] Fırat ve Dicle nehirlerinin Doğu Anadolu Bölgesi için önemi nedir?

What is the significance for the Eastern Anatolia Region of the Euphrates and Tigris rivers?

[258947] Near Eastern archaeology (Doğu arkeoloji yakınlarında)
[111002] Dicle-Fırat nehri sistemi
[4837] Fırat nehri
---------
[167] Gece ile gündüzün eşit yaşandığı tarih nedir?

What is the date that has equal day and night?

[4778] Equinox (Ekinoks)
[3120097] Day &amp; Night (2010 film) (Gün & amp; Gece (2010 film))
[247109] Mesoamerican calendars (Mesoamerican takvimler)
---------
[168] Genel ve özel haritaların özellikleri nelerdir ?

What are the characteristics of the general and specific map?

[2414284] Kartoğrafik genelleme
[4100008] Crime concentration (Suç konsantrasyonu)
[974733] Thematic map (Tematik harita)
---------
[169] Gurup ve şafak vakitlerinin Ekvator'dan kutuplara doğru gidildikçe uzamasının nedeni nelerdir?

What is the reason for the group and progressed towards the dawn of time extension from the equator to the poles?

[824559] Foucault pendulum vector diagrams (Foucault sarkacı vektör diyagramları)
[4778] Equinox (Ekinoks)
[104283] Dawn (Şafak)
---------
[170] Güneşin geliş açısı iklim sıcaklıklarını etkiler mi?

The incidence angle of the sun affects the climate temperature?

[3754561] Iklim üzerindeki Güneş ve gök etkileri
[3362874] Solar cell efficiency (Güneş pili verimi)
[162622] Milankovitch cycles (Milankovitch döngüleri)
---------
[171] halkın geçim kaynakları nedir (sanayi tarım vs)

What are people's livelihoods (agriculture industry, etc.)

[241951] Information and communication technologies for development (Kalkınma için bilgi ve iletişim teknolojileri)
[3855286] Khayerkhal village (Khayerkhal köyü)
[1193224] National Bank for Agriculture and Rural Development (Tarım ve Kırsal Kalkınma için Ulusal Bankası)
---------
[172] Hangi Dağlar buzul şekillerinde rastlanmaz?

Which way is not found in the mountains glacier?

[630398] Retezat Mountains (Retezat Mountains)
[418831] Sarek National Park (Sarek Milli Parkı)
[5966] Buzul
---------
[173] Hangi doğal çevrede sis oluşmaz?

Fog which does not occur in the natural environment?

[240360] Survival of the fittest (Güçlü olanın hayatta kalma)
[142379] Fog of war (Savaşın Sis)
[13449] Smog (Dumanlı sis)
---------
[174] hangi rüzgarlar estikleri yerde havanın ısınmasına yol açar ?

which leads to where the winds were blowing warm air?

[4581949] Alp gezegen sınır tabakası
[244826] Alize rüzgârı
[2056707] Rüzgar
---------
[175] Harita çeşitleri nelerdir ?

What kind of map?

[3558348] Harita symbolization
[3362] Haritacılık
[3088134] Pentagram haritası
---------
[176] Harita nedir ?

What is the map?

[3088134] Pentagram haritası
[3362] Haritacılık
[697074] Early world maps (Erken Dünya haritaları)
---------
[177] haritada ölçeğin önemi nedir

What is the importance of scale on the map

[2414284] Kartoğrafik genelleme
[3362] Haritacılık
[3558348] Harita symbolization
---------
[178] hava olayları ve iklim arasında bir ilişki var mıdır

Is there a relationship between weather events and climate

[2981308] Effects of climate change on humans (Insanlar üzerinde iklim değişikliğinin etkileri)
[3044811] Gore Effect (Gore Etkisi)
[4035671] Effects of global warming on human health (Insan sağlığı üzerindeki küresel ısınmanın etkileri)
---------
[179] Hava sıcak iken birden soğuyarak kar yağması nasıl açıklanabilir? Yağan kar taneleri neden birbiriyle çarpışmaz? TEŞEKKÜR EDERİM.

Explained how the snow while it's hot by cooling one? Falling snowflakes why do not collide with each other? THANK YOU.

[134811] Yağış
[3774936] Frozen (2013 film) (Dondurulmuş (2013 film))
[14093] Kar
---------
[180] herhangi bir bölgede birden fazla iklim yaşanamaz mı ? mutlaka o bölgeye ait tek bir iklim çeşidi mi olmalı ?

Is uninhabitable multiple climate in any area? there must be a single region for that kind of climate?

[193248] Llano Estacado (Llano Estacado)
[139559] Aosta Valley (Aosta Vadisi)
[3115652] Climate change, industry and society (İklim değişikliği, sanayi ve toplum)
---------
[181] I. Hava olayları meydana gelir. II.Yükseldikçe sıcaklık her 200 metrede 1 °C azalır. III.Güneşten gelen zararlı ışınları süzer. IV.Gazlar, hidrojen ve oksijen iyonlarına ayrılır. Yukarıda verilen özelliklerden hangileri tropos­fer katmanında gerçekleşir?

I. weather events occur. ıı.yükseldik the temperature decreased 1 ° C every 200 meters. The filter harmful rays from the ııı.güneş. ıv.gaz are separated into hydrogen and oxygen ions. Which of the features listed above occurs in the troposphere layer?

[108538] Dünya'nın atmosferi
[7290] Iyonosfer
[4301] Dünya
---------
[182] Iklimlerin bitki örtüsü nelerdir?

What are the climatic vegetation?

[141526] Climax community (Doruk topluluk)
[2148] Biyomu
[2376631] Kosova İklim
---------
[183] Isınarak yükselen havanın soğuması ile oluşan yağışlara yükselim (konveksiyonel) yağışları de­nir. Buna göre, I.Ekvatoral II.Tundra III.Savan IV.Akdeniz iklim tiplerinden hangilerinde yükselim yağışlarının görülme oranı daha azdır?

Uplifts the air, posing a rising rainfall caused by cooling (convection) is called precipitation. Accordingly, ı.ekvatoral ıı.tundr to ııı.sav the ıv.akde to less incidence of rainfall from climate types in which the rise?

[1601441] Precipitation types (Yağış türleri)
[2395213] Yağmur
[134811] Yağış
---------
[184] iç anadolu bölgesinden en çok çıkarılan yer altı kaynağı hangisidir ?

What is the source of most domestic groundwater extracted from the region of Anatolia?

[3123355] Water resources management in El Salvador (El Salvador Su kaynakları yönetimi)
[2764390] Water resources management in Chile (Şili'de su kaynakları yönetimi)
[2914338] Urban water management in Monterrey, Mexico (Monterrey, Meksika'da Kentsel su yönetimi)
---------
[185] İç Anadolu Bölgesi'nin bitki örtüsü nedir?

What is the vegetation of Central Anatolia?

[2947109] Flora ve Türkiye bitki örtüsü
[27628] Steppe (Bozkır)
[4296074] Mount Ilgaz National Park (Ilgaz Dağı Milli Parkı)
---------
[186] iç göç nedir ?

What is migration?

[18812] Uluslararası Göç Örgütü
[1699250] Sismik göç
[4291506] Migration Alliance (Göç İttifak)
---------
[187] İklim çeşitleri nelerdir?

What kind of climate?

[2767888] Heaven and Earth (book) (Cennet ve Yeryüzü (kitap))
[3478420] 2011 United Nations Climate Change Conference (2011 Birleşmiş Milletler İklim Değişikliği Konferansı)
[1317949] Stern Review (Stern İnceleme)
---------
[188] İklim çeşitlerinin özellikleri nelerdir?

What are the characteristics of the kind of climate?

[19419] Gender (Cinsiyet)
[719159] Safety culture (Güvenlik kültürü)
[3409233] Climate Vulnerability Monitor (İklim Açığı Monitör)
---------
[189] İklim nedir?

What is climate?

[2560122] Copenhagen Climate Council (Kopenhag İklim Konseyi)
[6318] Global warming controversy (Küresel ısınma tartışma)
[4547683] İklim esnekliği
---------
[190] iklim neyleri etkiler

The effects of climate Ney

[963383] Elisabet Ney Museum (Elisabet Ney Müzesi)
[24643] Cosmic ray (Kozmik ışın)
[117795] Michel Ney (Michel Ney)
---------
[191] İklimi nasıldır?

How is the climate?

[3754561] Iklim üzerindeki Güneş ve gök etkileri
[2560122] Copenhagen Climate Council (Kopenhag İklim Konseyi)
[661530] Economics of global warming (Küresel ısınmanın Ekonomisi)
---------
[192] İklimin doğal çevre üzerindeki etkileri nasıldır?

How is the climate impact on the natural environment?

[484940] Çevre üzerindeki insan etkisi
[2035580] Ecogovernmentality (Ecogovernmentality)
[1899636] Helmholtz Centre for Environmental Research (Çevre Araştırma Merkezi Helmholtz)
---------
[193] İklimin Doğu Anadolu Bölgesi üzerindeki etkisi nedir?

What is the impact on the Eastern Anatolia region's climate?

[1379071] Doğu Anadolu Bölgesi
[141] Anadolu
[1379082] Akdeniz Bölgesi
---------
[194] İklimine ve coğrafi özelliklerine bağlı olarak ne gibi sorunlar ve avantajlar yaşanır?

What problems and benefits, depending on climate and geographical features are there?

[3394814] Subtropical climate vegetated roof (Subtropikal iklim bitkilendirilmiş çatı)
[3133018] Post-harvest losses (grains) (Hasat sonrası kayıplar (tahıl))
[1237370] Emission inventory (Emisyon envanteri)
---------
[195] İklimler insanları nasıl etkiler? hangi iklimlerde neye dikkat etmeliyiz

Climate and how it affects people? We should pay attention to what in which climate

[2307610] Big Picture (magazine) (Big Picture (magazine))
[4547683] İklim esnekliği
[2507338] Field Notes from a Catastrophe (Bir Felaket gelen Alan Notları)
---------
[196] İklimlerin sıcaklıkları neden farklılık gösteriyor?

The reasons vary temperature of the climate?

[491456] Climate sensitivity (İklim hassasiyeti)
[11551] Geography of Peru (Peru Coğrafyası)
[1968232] Climate of the Arctic (Arctic İklim)
---------
[197] İzohips haritalarında eğrilerin sıklaştığı yerlerin yüksekliği,seyrek eğrilerin bulunduğu yere göre karşılaşması nasıl olur?

Contour map of the height of the curve where frequent, according to the place where the rare encounter of the curve, be like?

[246613] Eşyükselti çizgisi
[23702] Indifference curve (Kayıtsızlık eğrisi)
[191644] Scalar potential (Skaler potansiyeli)
---------
[198] izohips nedir açıklayınız

Please explain what is contour line

[3558348] Harita symbolization
[3518565] Watercolor illusion (Suluboya yanılsama)
[3351175] Empirical theory of perception (Algı Ampirik teorisi)
---------
[199] jeolojik zaman hangi zamanı kapsar

which also includes geological time

[6236] Geologic time scale (Jeolojik zaman cetveli)
[1479977] Galler Jeoloji
[5835] Geology (Jeoloji)
---------
[200] Jeolojik Zamanlar hakkında örnek vererek açıklama yapınız.

Sign statement giving examples of geological times.

[3850155] Budan's theorem (Budan teoremi)
[843257] Bosnian pyramid claims (Bosnalı piramit iddiaları)
[169486] Variable-message sign (Değişken mesaj işareti)
---------
[201] K ve L kentleri arasındaki mesafe 800 kmdir. 1/10.000.000 ölçekli bir haritada kaç cm olarak gösterilmektedir?

The distance between K and L 800 k rmdir city. 1 / 10,000,000 scale is shown as several cm on a map?

[10240] Mercator projeksiyonu
[452652] Ölçek (harita)
[9774] Map (Harita)
---------
[202] kar şekli neden o şekildedir ?

Why is the snow shape that way?

[2400061] Paha (landform) (Paha (arazi şekli))
[1896378] The Paz Show (Paz göster)
[3716020] 7 Zwerge – Der Wald ist nicht genug (7 Zwerge - Der Wald ist nicht genug)
---------
[203] Karadeniz Bölgesi nde en çok yağış alan il hangisidir

The most rainfall in the Black Sea region Which province

[15056] Türkiye Türkiye Coğrafyası
[403894] Rize
[886065] Arhavi (Arhavi)
---------
[204] Karadeniz Bölgesi neden çok yağış almaktadır.

The Black Sea region is very cause precipitation.

[22804] Göl-etkisi kar
[2280961] Kuzey Amerika'da eko listesi (MSK)
[1379057] Karadeniz Bölgesi
---------
[205] karadeniz bölgesinin iklimi nedir ?

What is the climate of the Black Sea?

[1454] Kara Deniz
[299688] James Hansen (James Hansen)
[5740] Geography of Georgia (country) (Gürcistan Coğrafya (ülke))
---------
[206] karadeniz bölgesinin iklimi nedir ?

What is the climate of the Black Sea?

[1454] Kara Deniz
[299688] James Hansen (James Hansen)
[5740] Geography of Georgia (country) (Gürcistan Coğrafya (ülke))
---------
[207] Kayaçlar nasıl oluşmuştur

How rocks are formed

[2953228] Volkanik kaya
[788340] Ore genesis (Cevher genesis)
[23074] Sedimanter kayaç
---------
[208] Kışın Neden Şimşek Çakmaz?

Why winter lightning does not flash?

[31170] Lightning (Yıldırım)
[1111062] Lightning detection (Yıldırım algılama)
[388831] Flash (Barry Allen) (Flaş (Barry Allen))
---------
[209] Kıtalar ilk zamanki pangea kıtası hailne tekrar dönebilir mi?

Hail the first time on the continent can be returned to the continent of Pangea?

[4101723] Pangean megamonsoon (Pangean megamonsoon)
[2460325] Conquest of Pangea (Pangea Fethi)
[3405815] Massachusetts Jeoloji
---------
[210] Kıtaların aynı oranda birbirinden uzaklaşmamasının sebepleri nelerdir ?

What are the reasons for departing from each of the continents at the same rate?

[284152] Alexander du Toit (Alexander du Toit)
[14385] Supercontinent (Süperkıta)
[3316361] 1930 Graf Zeppelin stamps (1930 Graf Zeppelin pulları)
---------
[211] Kıtaların hala uzaklaşıyor olması dünyanın düzenini yaklaşık ne kadar süre sonra ve nasıl etkiler ?

It is still moving away from the continent about how soon and how it affects the world order?

[1596317] Really Wild Animals (Gerçekten Vahşi Hayvanlar)
[2649996] Patience (play) (Sabır (çalma))
[811827] Tyranny (Shadow Gallery album) (Zulüm (Shadow Gallery albüm))
---------
[212] Kıtaların yer değiştirmesi milyon yıl önce olmuş olaylar önceden böyle olduklarını nasıl anlamışız?

Million years ago the continent was the displacement of the events we've already understand how so?

[3525410] The Day We Died (Biz Öldü Gün)
[2620904] Olympic-Wallowa Lineament (Olimpik Wallowa Çizgisellik)
[4163722] Before the Dawn (book) (Önce Dawn (kitap))
---------
[213] kıtaların yer değiştirmesinin insanlar üzerine bir etkisi var mıdır?

Is there an impact on the people of the continent of displacement?

[785201] Australian archaeology (Avustralyalı arkeoloji)
[2981308] Effects of climate change on humans (Insanlar üzerinde iklim değişikliğinin etkileri)
[448131] Antler orogeny (Boynuz orojenezi)
---------
[214] Kutuplar neden soğuktur ?

Polarity is why cold?

[710777] Polarity (international relations) (Polarite (uluslararası ilişkiler))
[39606] International relations (Uluslararası ilişkiler)
[127427] Balanced audio (Dengeli ses)
---------
[215] Kutuplarda neden 6 ay gece 6ay gündüz yaşanır?

Why are there 6 months in the polar night 6m day?

[350197] Polar night (Polar gece)
[1631596] David Scott Cowper (David Scott Cowper)
[109612] Night (Gece)
---------
[216] Kuzey Amerika, Asya'nın kuzey iç kesimlerinde görülen iklim hangisidir?

North America, which is seen in Asia, the northern inland climate?

[2463019] Nemli subtropikal iklim
[3041312] Dünya yağış klimatoloji
[220553] Oceanic iklim
---------
[217] Küresel ısınmanın nedenleri ve sonuçları nelerdir?

What are the causes and consequences of global warming?

[1010417] Küresel ısınma
[1423500] Cehennem ve Yüksek Su (kitap)
[3916370] Okyanuslar üzerinde küresel ısınmanın etkileri
---------
[218] levha hareketleri hakkında bilgi veriniz

Please provide information about plate movement

[2679345] Process duct work (Süreç kanal çalışması)
[3098797] Plate reconstruction (Plaka yeniden)
[423024] Plate (dishware) (Plakası (tabaklar))
---------
[219] levha hareketleri nasıl oluşur?

How does a plate movements?

[693308] Motor control (Motor kontrolü)
[439727] Neural plate (Sinir plaka)
[867158] German railway signalling (Alman demiryolu sinyalizasyon)
---------
[220] Levha hareketleri olmasa insanlar bu durumdan nasil etkilenirdi

Plate movement was not affected by how people in this situation

[621879] 1985 Mexico City earthquake (1985 Mexico City deprem)
[1361620] Eye movement in reading (Okuma göz hareketi)
[3555119] Pre-movement time (Ön hareket zamanı)
---------
[221] Levha hareketlerini neler belirler

What determines the movement of the plates

[12449] Levha tektoniği
[16616] Olympic weightlifting (Olimpiyat halter)
[693308] Motor control (Motor kontrolü)
---------
[222] Levhalar birbirine daha şiddetli daha hızlı çarpsaydı Dünya'da ne gibi değişikler olurdu?

What would be different, such as plates in the world together more severe faster it slams?

[199298] Interceptor body armor (Interceptor vücut zırhı)
[5464] Faster-than-light (Daha hızlı-daha-ışık)
[551996] Dünya'nın Tarihi
---------
[223] Levhalar olmasaydi dunya bolunmez pandea seklinde kalsaydi yine bir cok deniz veya okyanus olusur muydu

Sheets fact it had remained in the world not split in the form of a pandemic was still consists of a lot of the sea or ocean

[1666000] Dünya'nın jeolojik geçmişi
[697074] Early world maps (Erken Dünya haritaları)
[945743] Waldseemüller haritası
---------
[224] Levhaların hareketleri gelecekte durabilir mi?

The movement of the plates can be stopped in the future?

[1775510] Filter press (Filtre pres)
[1865635] İngiltere'de ANPR Polis zorlanan
[3526953] Train inspection system (Tren denetim sistemi)
---------
[225] magma tabakasına inme gibi bir şans var mı

Is there any chance you get to the magma

[371614] You Yangs (Sen Yangs)
[793874] List of dragons in Dragon Booster (Ejderha Booster ejderha listesi)
[4559612] Power Soccer (browser-based game) (Power Soccer (tarayıcı tabanlı oyun))
---------
[226] magma yeryüzüne çıkabilir mi ?

Magma can rise to the earth?

[19106] Magma (Mağma)
[126296] Gezegen farklılaşma
[211932] Magma chamber (Magma odası)
---------
[227] marmara bölgesinde en yüksek dağ nedir

What is the highest mountain in the Marmara region

[15056] Türkiye Türkiye Coğrafyası
[1096523] Uludağ (Uludağ)
[670965] List of extreme points of Bulgaria (Bulgaristan aşırı noktalarının listesi)
---------
[228] Marmara Bölgesi'nde kaç şehir vardır ?

There are few cities in the Marmara Region?

[15056] Türkiye Türkiye Coğrafyası
[36727] Metropolitan area (Metropolitan alan)
[621430] Balıkesir (Balıkesir)
---------
[229] Menderes nehirlerinin bulunduğu çevreye etkisi nelerdir?

What are the effects on the environment where the meandering river?

[88537] River Ouse, Sussex (Nehir Ouse, Sussex)
[2373508] River (Irmak)
[776712] Menderes
---------
[230] mikroklima ve makroklima arasında ne fark vardır?

What is the difference between the microclimate and makrokli me?

[3818680] Etna DOC (Etna DOC)
[815214] Indian Reductions (Hint İndirimler)
[4706585] Jernhatten (Jernhatten)
---------
[231] muaon iklimi özellikleri nelerdir?

What are the characteristics muao's climate?

[4547683] İklim esnekliği
[3409233] Climate Vulnerability Monitor (İklim Açığı Monitör)
[2376631] Kosova İklim
---------
[232] Muğla Yöresinin diğer ismi nedir?

What is the other name of the Muğla region?

[410215] Muğla
[130438] Muğla ili
[846103] Yeşilyurt, Muğla (Yeşilyurt, Muğla)
---------
[233] muson iklimi bitki örtüsü nedir

What is the monsoon climate, plant cover

[4101723] Pangean megamonsoon (Pangean megamonsoon)
[1418477] Amerika Birleşik Devletleri yağış klimatolojisi
[31468] Climate change and agriculture (İklim değişikliği ve tarım)
---------
[234] muson iklimi nerelerde görülür

Where monsoon climate is seen

[3041312] Dünya yağış klimatoloji
[171788] Astropika
[3745750] North African climate cycles (Afrika, Kuzey iklim döngüleri)
---------
[235] Muson iklimi nerelerde görülür?

Where monsoon climate is seen?

[3041312] Dünya yağış klimatoloji
[171788] Astropika
[3745750] North African climate cycles (Afrika, Kuzey iklim döngüleri)
---------
[236] muson iklimi özellikleri nelerdir

What are the characteristics of monsoon climate

[171788] Astropika
[944448] Bangladeş Taşkınlar
[2463019] Nemli subtropikal iklim
---------
[237] Neden mevsimlik işçiye ihtiyaç duyulur ?

Why the need for seasonal workers?

[535767] Migrant worker (Göçmen işçi)
[4666810] Polistes sulcifer (Polistes sulcifer)
[936757] H-2A Visa ('H-2A vize)
---------
[238] Neden ülkemizde en fazla Karadeniz Bölgesi nde çay yetişir?

Why tea is grown in the Black Sea region in our country the most?

[403894] Rize
[294105] Assam tea (Assam çayı)
[14915] Çay
---------
[239] nemrut dağının yüksekliği ne kadardır

What is the height of Mount Nemrut

[910431] Nemrut (volcano) (Nemrut (Volkan))
[135463] Mount Nemrut (Nemrut Dağı)
[642530] Adıyaman (Adıyaman)
---------
[240] Nüfus dağılımı üzerine iklimin etkisi nelerdir?

What are the effects of climate on the population distribution?

[1065784] Species distribution (Türler dağılımı)
[3011487] Forest migration (Orman göç)
[3409378] İklim değişikliği ve yoksulluk
---------
[241] o şehirin iklimi nasıldır?İnsanlarin iklime göre nasıl bi yaşam tarzları vardır?

that is how the climate of the city? How has the climate of Human bi lifestyles?

[4547683] İklim esnekliği
[3384941] Requiem for a Species (Bir Türlerin için Requiem)
[661530] Economics of global warming (Küresel ısınmanın Ekonomisi)
---------
[242] Okyanuslar neden dev ısı depoları olarak nitelendirilir?

Why Oceans described as a giant heat reservoirs?

[1637947] Dünya dışı sıvı su
[2128138] Lakes of Titan (Titan gölleri)
[42157] Jötunn (Jötunn)
---------
[243] orada bulunan herhangi bir nehir ırmak gibi akarsular varsa hangi bölgelerden geçer ve buradaki insanları nasıl etkiler?

If there are any rivers like any river river which passes through the region and how they affect what people here?

[1723147] Jullien's Golden Carp (JULLIEN Altın Sazan)
[3704946] Pangani River (Pangani Nehri)
[275495] River Poulter (Nehir Poulter)
---------
[244] Örneğin herhangi bir şehri tanitirken kullanabileceğiniz sorular hazırlamak. bunu için ilk soru; o şehirin coğrafi özellikleri nelerdir?

For example, to prepare for questions that you can use when introducing any city. The first question for you; What are the geographical features of that city?

[204178] Question (Soru)
[446957] Interrogative (Soru)
[402672] Solution focused brief therapy (Çözüm kısa terapi odaklı)
---------
[245] patlama şekilleri nelerdir?

What are bursting shapes?

[4481810] Shapes of Screams (Çığlıklar Şekilleri)
[1548858] LostAlone (LostAlone)
[4729723] COEP Regatta (COEP Regatta)
---------
[246] Pusula neden hep aynı yönü gösterir?

Compass shows why all the same direction?

[141831] Magnetic declination (Manyetik sapma)
[989985] Sualtı Navigasyon
[3954879] Geological compass (Jeolojik pusula)
---------
[247] Ruzgar olusumu nasildir

How is wind formation

[2056707] Rüzgar
[664090] Swell (ocean) (Şişme (okyanus))
[260836] Rüzgar dalga
---------
[248] Ruzgarlar iklimleri etkiler mi

Winds affect climate

[1356821] Climate of Greece (Yunanistan İklim)
[3754561] Iklim üzerindeki Güneş ve gök etkileri
[24542] Iklim değişikliği
---------
[249] Ruzgarlar neye gore eser

They work according to what the wind

[4279668] Walking Thunder (Thunder Yürüyüş)
[189233] Rüzgar degrade
[2874515] Sailing faster than the wind (Rüzgârdan daha hızla Yelken)
---------
[250] ruzgarlarin doga uzerindeki etkileri nedir?

What are the effects on the nature of the winds over?

[122987] Nükleer patlamaların etkileri
[2056707] Rüzgar
[3504784] Güney Asya Muson
---------
[251] saatler neden ileri alınır

Learn why clocks forward

[3120166] Clockwise (Saat yönünde)
[3653307] The Borrowers (2011 film) (Borçlular (2011 film))
[953179] Anachrophobia (Anachrophobia)
---------
[252] Sahra çölünün uzunluğu

The length of the Sahara

[1731215] Trans-Sahara Highway (Trans-Sahra Yolu)
[303453] Sahara Hotnights (Sahara Hotnights)
[369649] Sarcosuchus (Sarcosuchus)
---------
[253] sert karasal iklimin bitki örtüsü nedir?

What is the vegetation of the harsh climate?

[108578] Alpin çayırlar
[1582304] Sierra Nevada subalpine zone (Sierra Nevada subalpine bölgesi)
[2280961] Kuzey Amerika'da eko listesi (MSK)
---------
[254] sert karasal iklimin özellikleri

The properties harsh climate

[4091759] Copper in heat exchangers (Isı değiştiricilerinde Bakır)
[538104] Northern Australia (Kuzey Avustralya)
[859128] Asyut (Asyut)
---------
[255] sıcak iklimler hangileridir

What are the hot climate

[96021] Çöl iklimi
[155862] Akdeniz iklimi
[280027] Hindistan İklim
---------
[256] Sıcak su akıntıları nelerdir?

What are the warm water currents?

[163796] Okyanus akımı
[2794403] Sıcak çekirdek halkası
[315075] Kuroshio Current (Kuroshio Güncel)
---------
[257] Sıcaklık 200 m de neden 1 derece düşer?

1 degree temperature drop of 200 m is the reason?

[57688] Joule–Thomson effect (Joule-Thomson etkisi)
[2679345] Process duct work (Süreç kanal çalışması)
[227214] External ballistics (Dış balistik)
---------
[258] Sıcaklık ortalaması en yüksek olan şehrimiz hangisidir?

What is our city with the highest average temperature?

[3326343] Climate of Gwadar (Gwadar İklim)
[3421480] Climate of Agra (Agra İklim)
[3205779] Climate of Islamabad (İslamabad İklim)
---------
[259] sıcklık kuşaklarının sınırları Kuzey yarım küre ile gney yarım kürede aynı enlemlerden mi geçer ?

The boundaries of the sıcklık generation passes from the same latitude in the northern hemisphere and southern half sphere?

[4778] Equinox (Ekinoks)
[35856] Sundial (Güneş saati)
[14239] Solstice (Gündönümü)
---------
[260] Sinop ilimizde kurulacak olan nükleer santralde olası bir sızıntı sonucu Doğu Anadolu Bölgesi'ndeki hangi şehirler bu sızıntıdan etkilenir.

Which cities are a result of a leak at nuclear plant unlikely to be established in Eastern Anatolia provinces of Sinop affected by this leak.

[2354238] Doel Nuclear Power Station (Doel Nükleer Santrali)
[367185] Orica (Orica)
[4223284] Tianji Coal Chemical Industry Group chemical spill (Tianji Kömür Kimya Sanayi Grup kimyasal sızıntısı)
---------
[261] Sizce Boluda haziran ayında kar yağabilir mi?

You can snow in the month of June Boluda?

[2585102] Vicente Boluda (Vicente Boluda)
[3229405] Ginés de Boluda (Ginés de Boluda)
[2552514] Teloloapan (municipality) (Teloloapan (belediye))
---------
[262] Sürekli rüzgarlardan hangisine, neden ticaret rüzgarları denir?

Which one sustained winds are called trade winds cause?

[2056707] Rüzgar
[1288289] Tropical cyclone windspeed climatology (Tropikal siklon rüzgar hızı klimatolojisi)
[1977472] Maximum sustained wind (Maksimum sürekli rüzgar)
---------
[263] Tarama yöntemi ile çizilmiş olan bir harita kısa,kalın ve sık çizgilerin çok yer tutması harita ile ilgili nasıl bir bilgi verir?

A map drawn by the screening method is short, thick and gives information about how much space map to keep the common line?

[4538565] Covariance mapping (Kovaryans haritalama)
[388456] Figure-ground in map design (Harita tasarımı Şekil-zemin)
[246613] Eşyükselti çizgisi
---------
[264] Turizmin bölgelere göre yararı neden farklıdır ?

Why is it different benefits according to the region's tourism?

[150857] Cultural tourism (Kültür turizmi)
[2996435] Tourism region (Turizm bölgesi)
[695615] A Small Place (Küçük Bir Yeri)
---------
[265] Turkiyede kaç tane volkanik dağ vardır ?

There are few volcanic mountain in Turkey?

[15056] Türkiye Türkiye Coğrafyası
[3024048] Volcanic history of the Northern Cordilleran Volcanic Province (Kuzey Cordilleran Volkanik İl volkanik geçmişi)
[1624423] Türkiye Jeoloji
---------
[266] Turkiyenin yeryüzü şekilleri nelerdir

What are the ways of the earth Turkiyenin

[111926] Earth religion (Dünya din)
[546649] Theoretical astronomy (Teorik astronomi)
[1487602] Hölderlin en Hymn & quot; Ba & quot;
---------
[267] Türkiye arazisinin büyük bir kısmı hangi zamanda oluşmuştur?

A large part of Turkey's land, which was formed during the time?

[4499247] History of Ferizaj (Ferizovik Tarihi)
[896574] Güzelbahçe (Güzelbahçe)
[1624423] Türkiye Jeoloji
---------
[268] Türkiye de görülen iklim çeşitleri nelerdir?

What kind of climate seen in Turkey?

[1620335] Türkiye
[122334] Kayseri
[628711] Hakkâri (Hakkâri)
---------
[269] Türkiye nin iklim çeşidi nedir

What is the climate varieties Turkey

[1985179] Turkish wine (Türk şarap)
[3052338] Barossa Valley (wine) (Barossa Valley (şarap))
[274257] Denizli (Denizli)
---------
[270] Türkiye sadece tundra iklimine sahip olsaydı hayatımızda ne gibi değişikler olurdu?

Turkey just like what our lives would be different if you were with a tundra climate?

[1423500] Cehennem ve Yüksek Su (kitap)
[829183] Whale Cove, Nunavut (Whale Cove, Nunavut)
[348051] Starstruck (comics) (Starstruck (çizgi roman))
---------
[271] Türkiye'ddeki volkanlar nelerdir?

What are the volcanoes are in Turkey?

[145625] Kalkan volkan
[4339457] Geological history of the Chiricahua Mountains (Chiricahua Dağları'nın jeolojik geçmişi)
[1804356] Volcanology of Venus (Venüs volcanology)
---------
[272] Türkiye'de bulunan veya Türkiye'ye en yakın levha/levhalar hangileridir?

Nearest plate located in Turkey or Turkey / sheets are available?

[229011] Erdemir (Erdemir)
[138154] Domesticated turkey (Evcilleştirilmiş türkiye)
[3698965] Bursaite (Bursaite)
---------
[273] türkiyede çizgisel dönüş hızının en yüksek olduğu yer

place the rotation speed of the line is the highest in Turkey

[14389] Speed (Hız)
[3278384] Yuksek Hızlı Tren
[2386499] Instant centre of rotation (Dönme Anlık merkezi)
---------
[274] Türkiye'de en az görülen yer şekli ?

The least common form of place in Turkey?

[3714375] Türkiye'de Azınlıklar
[1384342] Secularism in Turkey (Türkiye'de Laiklik)
[1057006] Names of Istanbul (İstanbul İsimleri)
---------
[275] Türkiyede en sıcak iklime sahip bölgemiz neresidir?

Where is our region has the warmest climate in Turkey?

[960585] Çukurova
[2463019] Nemli subtropikal iklim
[1028541] İnebolu (İnebolu)
---------
[276] Türkiyede ki en önemli bor madenleri hangi şehir/şehirlerdedir

The most important boron mines in Turkey which cities / towns

[2387323] Atacama Desert (Atacama Çölü)
[2989378] Mining in Argentina (Arjantin Madencilik)
[3501407] Google Street View in Europe (Avrupa'da Google Street View)
---------
[277] türkiyede sıcak su kaynaklarının en çok bulunduğu il hangisidir

Which cities where most found the hot springs in Turkey

[939588] Hierapolis (Hierapolis)
[302787] Pamukkale (Pamukkale)
[1324271] Kaplıcalar Listesi
---------
[278] Türkiyede yüksek renkler hangi renkle gösterilir

In Turkey, high color display which color

[93101] Color television (Renk Televizyon)
[150070] Color depth (Renk derinliği)
[310264] CTIA and GTIA (CTIA ve GTIA)
---------
[279] Türkiye'deki doğu bölgesi neden daha yüksektir ?

Why it is higher than the eastern region of Turkey?

[15056] Türkiye Türkiye Coğrafyası
[1379071] Doğu Anadolu Bölgesi
[4100510] Economy of Iraqi Kurdistan (Irak Kürdistanı'nın Ekonomi)
---------
[280] Türkiyedeki göllerin derinliği ve tuzluluk oranı yüzksekmidir

Depth and salinity of lakes in Turkey is yüzksekm

[3324248] Soda lake (Soda gölü)
[973754] Mixed layer (Karışık tabaka)
[37712] Azak Denizi
---------
[281] Türkiye'nin en büyük gölü hangi bölgemizdedir ?

Turkey's largest lake, which is in our region?

[960585] Çukurova
[560571] Atatürk Barajı
[1420722] Göl Papakeechie
---------
[282] Türkiye'nin en büyük yüz ölçümüne sahip ilimiz hangisidir?

Turkey has the largest surface area of ​​our city is which?

[15056] Türkiye Türkiye Coğrafyası
[2338253] Başkent
[4837] Fırat nehri
---------
[283] Türkiyenin jeopolitik özellikleri nelerdir ?

What are the geopolitical characteristics of Turkey?

[401454] Asya Coğrafyası
[1920255] Kıtalar arasındaki sınırlar
[10686] Nation state (Ulus devlet)
---------
[284] Türkiyenin jeopolitik ve matematiksel konumu hakkında bilgi veriniz ?

Turkey's geopolitical and mathematical data about your position?

[401454] Asya Coğrafyası
[25257] Mathematica (Mathematica)
[3610157] WISeKey (WISEKEY)
---------
[285] Ülkelerin sınırlarının çiziminde hangi faktörler etkili olmuştur?

What factors have been effective in drawing the borders of the country?

[6245] Gerrymandering (Gerrymandering)
[3486996] Individual variation in second-language acquisition (İkinci dil edinimi Bireysel varyasyon)
[466596] Business process reengineering (İş süreci yeniden yapılanması)
---------
[286] Ülkemizde bulunan en büyük göl hangisidir ?

What is the largest lake in our country?

[419432] Chicago Antlaşması
[28829] Geography of Malawi (Malawi Coğrafyası)
[158203] Yellowstone Lake (Yellowstone Lake)
---------
[287] Ülkemizde bulunan en yüksek nehir hangisidir ?

What is the highest river in our country?

[8706] Geography of Luxembourg (Lüksemburg Coğrafyası)
[419432] Chicago Antlaşması
[2349035] Letter to the Falashas (Falaşalara Mektup)
---------
[288] Ülkemizde en çok mevsimlik işçi alan bölgemiz neresidir ?

Where is our country, our region, the area most seasonal workers?

[126782] Bicol Region (Bicol Region)
[712697] Share Our Strength (Gücümüz paylaşın)
[3705961] Our Lady of Piat (Piat Our Lady)
---------
[289] Ülkemizde gayzerlerin görülmemesinin nedeni nedir

What is the reason for lack of the geysers in our country

[156179] Altered States (Değiştirilmiş Devletler)
[6272] Geyser (Gayzer)
[2890181] AltaRock Energy (AltaRock Enerji)
---------
[290] Ülkemizin yüzölçümü bakımından en büyük şehri hangisidir ?

Which is the largest city in the country in terms of area?

[92081] Central business district (Merkezi iş bölgesi)
[27531] Miami (Miami)
[564750] Naga, Camarines Sur (Naga, Camarines Sur)
---------
[291] Van Gölünün suyu neden sodalıdır

Why is soda water of Lake Van

[24210] Van Gölü
[3324248] Soda lake (Soda gölü)
[529971] Limnic eruption (Gölsel patlama)
---------
[292] volkanik patlamalarının bulunduğu yerde yerleşim varsa neler olur

What if settlement at the location of volcanic eruptions would

[2381261] Wells Gray-Clearwater volkanik alan
[2188076] Silverthrone Caldera (Silverthrone Caldera)
[1105768] Mount Cayley (Dağı Cayley)
---------
[293] Volkanlar nasıl oluşur?

How volcanoes occur?

[2516859] Mars volcanology
[145625] Kalkan volkan
[16278] Volkan
---------
[294] yağış rejiminin en düzenli olduğu yer neresidir ?

Where is the location of the rainfall was the most regularly?

[2355404] Climate of Tasmania (Tazmanya İklim)
[546124] Tabubil (Tabubil)
[280356] Santarém, Pará (Santarém, Pará)
---------
[295] yağmur damlaları oluşurken o şekli nasıl alıyorlar

how raindrops are formed when it takes shape

[855906] Gökkuşağı
[3318490] Atmosferik optik
[1896378] The Paz Show (Paz göster)
---------
[296] Yaz saati uygulaması hangi özel günde başlar?

Daylight saving time begins in which specific day?

[3715128] Daylight saving time in the Americas (Yaz Americas saati)
[24563] Daylight saving time (Zaman tasarrufu Günışığı)
[2135786] Daylight saving time in the United States (Daylight ABD'de saati)
---------
[297] Yaz saati uygulaması neden uygulanir ?

Daylight saving time applies why?

[24563] Daylight saving time (Zaman tasarrufu Günışığı)
[942783] Tz database (Tz veritabanı)
[3715403] Daylight saving time in Oceania (Yaz Okyanusya saati)
---------
[298] Yer altı kaynakları nerelerde zengindir? Neden?

Where groundwater resources are rich? Why?

[4169329] Natural resources of Kosovo (Kosova Doğal kaynaklar)
[2144010] Water resources management in Mexico (Meksika'da Su kaynakları yönetimi)
[3123362] Belize Su kaynakları yönetimi
---------
[299] Yeraltı madenlerinin en zengin olduğu bölgemiz neresidir?

Our region is the richest of the underground mine where?

[4446039] AlbChrome (AlbChrome)
[930872] Soudan Underground Mine State Park (Soudan Underground Mine State Park)
[4189968] COMINAK (COMINAK)
---------
[300] Yerel rüzgarlar nelerdir?

What are the local winds?

[2056707] Rüzgar
[2669137] Hawaii İklim
[214294] Storm Prediction Center (Fırtına Tahmin Merkezi)
---------
[301] Yeryüzü şekilleri nasıldır?

Landforms like?

[138046] List of landforms (Şekillerinin Listesi)
[437258] Glacial landform (Buzul arazi şekli)
[3137288] Dünya analog
---------
[302] Yeryüzü(dağlar vb.) magmaların donmasıyla oluştuysa dünya ilk oluştuğu sıralarda hiç kara parçası yokmuydu ve her yer magmadan mı oluşuyordu?

Earth (mountains, etc.) In the world as the first frost occurs if no yokmuydu piece of land formed by magmas and magma consisted been everywhere?

[500988] Ringing rocks (Kayalar Zil)
[39042] Volkanizma
[248788] Peridotite (Peridotit)
---------
[303] Yeryüzünün en çok yağış alan yerleri; Ekvator ve çevresi, muson yağışlarının etkili olduğu alanlar ve orta kuşak karalarının batı kıyılarıdır. Buralarda yıllık yağış miktarı 1000 mm’nin üzerindedir. Buna göre, I.dağılış, II.nedensellik, III. karşılıklı ilgi incelerinden hangilerine, yukarıdaki parçada yer verilmiştir?

The wettest place on the earth; Ecuador and its surroundings, the area to be effective in the monsoon rainfall are the western coast and central belt of land. Here the annual rainfall is over 1,000 mm. Accordingly, I.dağılış, ıı.nedensellik III. which is of mutual interest to the fine, it has been included in the above part?

[3041312] Dünya yağış klimatoloji
[3486589] Asya İklim
[837858] Geography of Kerala (Kerala Coğrafyası)
---------
[304] Yıl içerisinde Doğu Anadolu Bölgesi hangi rüzgârların etkisinde kalır ?

Eastern Anatolia Region during the year which will remain winds?

[141] Anadolu
[1379071] Doğu Anadolu Bölgesi
[1484764] Tarihsel göç
---------
[305] yükseklere çıkıldıkça hava soğur ama güneş ışınları daha çabuk ulaşmaz mı daha sıcak olması gerekmez mi merak ediyorum teşekkür ederim

It cools the air by one climbs high, but the sun's rays do not reach more quickly thank you does not need to be warmer wonder

[28381] Mirage (Serap)
[108538] Dünya'nın atmosferi
[2212067] Deep water source cooling (Derin su kaynağı soğutma)
---------
[306] Yüksekliği 1900 m olan K noktası ile yüksekliği 700 m olan L noktası arasındaki gerçek uzaklık 6 km dir. Buna göre iki nokta arasındaki eğim yüzde kaçtır?

The actual distance between the height of 1900 m with a height of 700 m from the K, L point 6 km. Accordingly, what percentage of slope between two points?

[696371] Slide Mountain (Ulster County, New York) (Slide Mountain (Ulster County, New York))
[520498] Paranaíba River (Paranaíba Nehri)
[1147990] Okumura model (Okumura modeli)
---------
